<?xml version="1.0" encoding="UTF-8"?>
<!-- Generated by org.testng.reporters.JUnitReportReporter -->
<testsuite hostname="DESKTOP-30FNJH5" name="org.testing.TestScripts.TC1" tests="1" failures="0" timestamp="3 Aug 2020 03:34:00 GMT" time="0.025" errors="0">
  <testcase name="bdb" time="0.025" classname="org.testing.TestScripts.TC1"/>
</testsuite> <!-- org.testing.TestScripts.TC1 -->
