<?xml version="1.0" encoding="UTF-8"?>
<!-- Generated by org.testng.reporters.JUnitReportReporter -->
<testsuite hostname="DESKTOP-30FNJH5" name="org.testing.TestScripts.Test1" tests="1" failures="0" timestamp="3 Aug 2020 03:30:58 GMT" time="0.006" errors="0">
  <testcase name="bdb" time="0.006" classname="org.testing.TestScripts.Test1"/>
</testsuite> <!-- org.testing.TestScripts.Test1 -->
